<?xml version="1.0" encoding="UTF-8"?>
<!-- Generated by org.testng.reporters.JUnitXMLReporter -->
<testsuite ignored="0" hostname="Chaitanya" failures="0" tests="3" name="Test" time="12.494" errors="0" timestamp="2023-08-20T13:06:45 IST">
  <testcase classname="restful.booker.RestAssuredStaticVariables1" name="createBooking1" time="5.802"/>
  <testcase classname="restful.booker.RestAssuredStaticVariables1" name="overloadedGivenMethod" time="1.452"/>
  <testcase classname="restful.booker.RestAssuredStaticVariables2" name="createAuth" time="1.465"/>
</testsuite> <!-- Test -->
