<?xml version="1.0" encoding="UTF-8"?>
<testng-results ignored="0" total="3" passed="3" failed="0" skipped="0">
  <reporter-output>
  </reporter-output>
  <suite started-at="2023-08-20T13:06:32 IST" name="Suite" finished-at="2023-08-20T13:06:45 IST" duration-ms="12494">
    <groups>
    </groups>
    <test started-at="2023-08-20T13:06:32 IST" name="Test" finished-at="2023-08-20T13:06:45 IST" duration-ms="12494">
      <class name="restful.booker.RestAssuredStaticVariables1">
        <test-method is-config="true" signature="setExpectations()[pri:0, instance:restful.booker.RestAssuredStaticVariables1@202b0582]" started-at="2023-08-20T13:06:33 IST" name="setExpectations" finished-at="2023-08-20T13:06:36 IST" duration-ms="3511" status="PASS">
          <reporter-output>
          </reporter-output>
        </test-method> <!-- setExpectations -->
        <test-method signature="createBooking1()[pri:0, instance:restful.booker.RestAssuredStaticVariables1@202b0582]" started-at="2023-08-20T13:06:36 IST" name="createBooking1" finished-at="2023-08-20T13:06:42 IST" duration-ms="5802" status="PASS">
          <reporter-output>
          </reporter-output>
        </test-method> <!-- createBooking1 -->
        <test-method signature="overloadedGivenMethod()[pri:0, instance:restful.booker.RestAssuredStaticVariables1@202b0582]" started-at="2023-08-20T13:06:42 IST" name="overloadedGivenMethod" finished-at="2023-08-20T13:06:44 IST" duration-ms="1452" status="PASS">
          <reporter-output>
          </reporter-output>
        </test-method> <!-- overloadedGivenMethod -->
      </class> <!-- restful.booker.RestAssuredStaticVariables1 -->
      <class name="restful.booker.RestAssuredStaticVariables2">
        <test-method signature="createAuth()[pri:0, instance:restful.booker.RestAssuredStaticVariables2@1cf6d1be]" started-at="2023-08-20T13:06:44 IST" name="createAuth" finished-at="2023-08-20T13:06:45 IST" duration-ms="1465" status="PASS">
          <reporter-output>
          </reporter-output>
        </test-method> <!-- createAuth -->
      </class> <!-- restful.booker.RestAssuredStaticVariables2 -->
    </test> <!-- Test -->
  </suite> <!-- Suite -->
</testng-results>
